
2019-07-19 12:36:38 127.0.0.1
Table 'wa.wa_app_settings' doesn't exist
## wa-system/database/waDbMysqliAdapter.class.php(358)
#0 wa-system/database/waDbMysqliAdapter.class.php(181): waDbMysqliAdapter->exception()
#1 wa-system/database/waModel.class.php(185): waDbMysqliAdapter->schema('wa_app_settings', false)
#2 wa-system/webasyst/lib/models/waAppSettings.model.php(114): waModel->describe('wa_app_settings', false)
#3 wa-system/database/waModel.class.php(141): waAppSettingsModel->describe()
#4 wa-system/database/waModel.class.php(97): waModel->getFields()
#5 wa-system/database/waModel.class.php(77): waModel->getMetadata()
#6 wa-system/contact/waContact.class.php(67): waModel->__construct()
#7 wa-system/user/waUser.class.php(22): waContact->init()
#8 wa-system/user/waAuthUser.class.php(32): waUser->init()
#9 wa-system/user/waAuthUser.class.php(27): waAuthUser->init()
#10 wa-system/waSystem.class.php(240): waAuthUser->__construct(NULL, Array)
#11 wa-system/waSystem.class.php(281): waSystem::getCommonFactory('auth_user', 'waAuthUser', Array, NULL)
#12 wa-system/waSystem.class.php(546): waSystem->getUser()
#13 wa-system/waSystem.class.php(501): waSystem->dispatchBackend('webasyst/')
#14 index.php(7): waSystem->dispatch()
#15 {main}

2019-07-19 12:36:38 127.0.0.1
Table 'wa.wa_app_settings' doesn't exist
## wa-system/database/waDbMysqliAdapter.class.php(358)
#0 wa-system/database/waDbMysqliAdapter.class.php(181): waDbMysqliAdapter->exception()
#1 wa-system/database/waModel.class.php(185): waDbMysqliAdapter->schema('wa_app_settings', false)
#2 wa-system/webasyst/lib/models/waAppSettings.model.php(114): waModel->describe('wa_app_settings', false)
#3 wa-system/database/waModel.class.php(141): waAppSettingsModel->describe()
#4 wa-system/database/waModel.class.php(97): waModel->getFields()
#5 wa-system/database/waModel.class.php(77): waModel->getMetadata()
#6 wa-system/config/waAppConfig.class.php(264): waModel->__construct()
#7 wa-system/waSystem.class.php(96): waAppConfig->checkUpdates()
#8 wa-system/waSystem.class.php(1546): waSystem::getInstance('webasyst', Object(webasystConfig), false)
#9 wa-system/webasyst/lib/models/waAppSettings.model.php(118): wa('webasyst')
#10 wa-system/database/waModel.class.php(141): waAppSettingsModel->describe()
#11 wa-system/database/waModel.class.php(97): waModel->getFields()
#12 wa-system/database/waModel.class.php(77): waModel->getMetadata()
#13 wa-system/contact/waContact.class.php(67): waModel->__construct()
#14 wa-system/user/waUser.class.php(22): waContact->init()
#15 wa-system/user/waAuthUser.class.php(32): waUser->init()
#16 wa-system/user/waAuthUser.class.php(27): waAuthUser->init()
#17 wa-system/waSystem.class.php(240): waAuthUser->__construct(NULL, Array)
#18 wa-system/waSystem.class.php(281): waSystem::getCommonFactory('auth_user', 'waAuthUser', Array, NULL)
#19 wa-system/waSystem.class.php(546): waSystem->getUser()
#20 wa-system/waSystem.class.php(501): waSystem->dispatchBackend('webasyst/')
#21 index.php(7): waSystem->dispatch()
#22 {main}

2019-07-19 12:36:38 127.0.0.1
Table 'wa.wa_app_settings' doesn't exist
## wa-system/database/waDbMysqliAdapter.class.php(358)
#0 wa-system/database/waDbMysqliAdapter.class.php(181): waDbMysqliAdapter->exception()
#1 wa-system/database/waModel.class.php(185): waDbMysqliAdapter->schema('wa_app_settings', false)
#2 wa-system/webasyst/lib/models/waAppSettings.model.php(119): waModel->describe('wa_app_settings', false)
#3 wa-system/database/waModel.class.php(141): waAppSettingsModel->describe()
#4 wa-system/database/waModel.class.php(97): waModel->getFields()
#5 wa-system/database/waModel.class.php(77): waModel->getMetadata()
#6 wa-system/config/waAppConfig.class.php(264): waModel->__construct()
#7 wa-system/waSystem.class.php(96): waAppConfig->checkUpdates()
#8 wa-system/waSystem.class.php(1546): waSystem::getInstance('webasyst', Object(webasystConfig), false)
#9 wa-system/webasyst/lib/models/waAppSettings.model.php(118): wa('webasyst')
#10 wa-system/database/waModel.class.php(141): waAppSettingsModel->describe()
#11 wa-system/database/waModel.class.php(97): waModel->getFields()
#12 wa-system/database/waModel.class.php(77): waModel->getMetadata()
#13 wa-system/contact/waContact.class.php(67): waModel->__construct()
#14 wa-system/user/waUser.class.php(22): waContact->init()
#15 wa-system/user/waAuthUser.class.php(32): waUser->init()
#16 wa-system/user/waAuthUser.class.php(27): waAuthUser->init()
#17 wa-system/waSystem.class.php(240): waAuthUser->__construct(NULL, Array)
#18 wa-system/waSystem.class.php(281): waSystem::getCommonFactory('auth_user', 'waAuthUser', Array, NULL)
#19 wa-system/waSystem.class.php(546): waSystem->getUser()
#20 wa-system/waSystem.class.php(501): waSystem->dispatchBackend('webasyst/')
#21 index.php(7): waSystem->dispatch()
#22 {main}
